<?xml version="1.0" encoding="UTF-8"?>
<!-- Generated by org.testng.reporters.JUnitReportReporter -->
<testsuite skipped="0" hostname="ARAVISA-IN-LE02" name="TestDataprovider.DataProvider_apache_02" tests="2" failures="0" timestamp="04 Jun 2018 09:55:36 GMT" time="24.456" errors="0">
  <testcase name="Registration_data" time="12.546" classname="TestDataprovider.DataProvider_apache_02"/>
  <testcase name="Registration_data" time="11.910" classname="TestDataprovider.DataProvider_apache_02"/>
</testsuite> <!-- TestDataprovider.DataProvider_apache_02 -->
